android/app/build/intermediates/manifest_merge_blame_file/release/manifest-merger-blame-release-report.txt
1<?xml version="1.0" encoding="utf-8"?>
2<manifest xmlns:android="http://schemas.android.com/apk/res/android"
3    package="com.photobi"
4    android:versionCode="4194305"
5    android:versionName="1.0" >
6
7    <uses-sdk
8        android:minSdkVersion="16"
8-->src/main/AndroidManifest.xml
9        android:targetSdkVersion="29" />
9-->src/main/AndroidManifest.xml
10
11    <uses-permission android:name="android.permission.INTERNET" />
11-->src/main/AndroidManifest.xml:4:5-67
11-->src/main/AndroidManifest.xml:4:22-64
12    <uses-permission android:name="android.permission.WRITE_EXTERNAL_STORAGE" />
12-->src/main/AndroidManifest.xml:5:5-80
12-->src/main/AndroidManifest.xml:5:22-78
13    <uses-permission android:name="android.permission.WAKE_LOCK" />
13-->[:react-native-firebase_admob] AndroidManifest.xml:12:5-68
13-->[:react-native-firebase_admob] AndroidManifest.xml:12:22-65
14    <uses-permission android:name="android.permission.ACCESS_NETWORK_STATE" /> <!-- Required to access Google Play Licensing -->
14-->[:react-native-firebase_admob] AndroidManifest.xml:13:5-79
14-->[:react-native-firebase_admob] AndroidManifest.xml:13:22-76
15    <uses-permission android:name="com.android.vending.CHECK_LICENSE" /> <!-- Required to check whether Wi-Fi is enabled -->
15-->[:rn-fetch-blob] AndroidManifest.xml:12:5-73
15-->[:rn-fetch-blob] AndroidManifest.xml:12:22-70
16    <uses-permission android:name="android.permission.ACCESS_WIFI_STATE" /> <!-- Required by older versions of Google Play services to create IID tokens -->
16-->[:rn-fetch-blob] AndroidManifest.xml:30:5-76
16-->[:rn-fetch-blob] AndroidManifest.xml:30:22-73
17    <uses-permission android:name="com.google.android.c2dm.permission.RECEIVE" />
17-->[com.google.android.gms:play-services-iid:17.0.0] AndroidManifest.xml:23:5-82
17-->[com.google.android.gms:play-services-iid:17.0.0] AndroidManifest.xml:23:22-79
18    <uses-permission android:name="com.google.android.finsky.permission.BIND_GET_INSTALL_REFERRER_SERVICE" />
18-->[com.google.android.gms:play-services-measurement:17.4.4] AndroidManifest.xml:26:5-110
18-->[com.google.android.gms:play-services-measurement:17.4.4] AndroidManifest.xml:26:22-107
19
20    <application
20-->src/main/AndroidManifest.xml:6:5-33:19
21        android:name="com.photobi.MainApplication"
21-->src/main/AndroidManifest.xml:7:7-38
22        android:allowBackup="false"
22-->src/main/AndroidManifest.xml:11:7-34
23        android:appComponentFactory="androidx.core.app.CoreComponentFactory"
23-->[androidx.core:core:1.1.0] AndroidManifest.xml:24:18-86
24        android:icon="@mipmap/ic_launcher"
24-->src/main/AndroidManifest.xml:9:7-41
25        android:label="@string/app_name"
25-->src/main/AndroidManifest.xml:8:7-39
26        android:largeHeap="true"
26-->src/main/AndroidManifest.xml:12:7-31
27        android:requestLegacyExternalStorage="true"
27-->src/main/AndroidManifest.xml:13:7-50
28        android:roundIcon="@mipmap/ic_launcher_round"
28-->src/main/AndroidManifest.xml:10:7-52
29        android:theme="@style/AppTheme"
29-->src/main/AndroidManifest.xml:15:7-38
30        android:usesCleartextTraffic="true" >
30-->src/main/AndroidManifest.xml:14:7-42
31
32        <!-- <meta-data -->
33        <!-- android:name="com.google.android.gms.ads.APPLICATION_ID" -->
34        <!-- android:value="ca-app-pub-3940256099942544~3347511713"/> -->
35        <activity
35-->src/main/AndroidManifest.xml:21:7-31:18
36            android:name="com.photobi.MainActivity"
36-->src/main/AndroidManifest.xml:22:9-37
37            android:configChanges="keyboard|keyboardHidden|orientation|screenSize|uiMode"
37-->src/main/AndroidManifest.xml:24:9-86
38            android:label="@string/app_name"
38-->src/main/AndroidManifest.xml:23:9-41
39            android:launchMode="singleTask"
39-->src/main/AndroidManifest.xml:25:9-40
40            android:windowSoftInputMode="adjustResize" >
40-->src/main/AndroidManifest.xml:26:9-51
41            <intent-filter>
41-->src/main/AndroidManifest.xml:27:9-30:25
42                <action android:name="android.intent.action.MAIN" />
42-->src/main/AndroidManifest.xml:28:13-65
42-->src/main/AndroidManifest.xml:28:21-62
43
44                <category android:name="android.intent.category.LAUNCHER" />
44-->src/main/AndroidManifest.xml:29:13-73
44-->src/main/AndroidManifest.xml:29:23-70
45            </intent-filter>
46        </activity>
47        <activity android:name="com.facebook.react.devsupport.DevSettingsActivity" />
47-->src/main/AndroidManifest.xml:32:7-84
47-->src/main/AndroidManifest.xml:32:17-81
48
49        <meta-data
49-->[:react-native-firebase_admob] AndroidManifest.xml:16:9-18:70
50            android:name="com.google.android.gms.ads.APPLICATION_ID"
50-->[:react-native-firebase_admob] AndroidManifest.xml:17:13-69
51            android:value="ca-app-pub-3940256099942544~3347511713" />
51-->[:react-native-firebase_admob] AndroidManifest.xml:18:13-67
52        <meta-data
52-->[:react-native-firebase_admob] AndroidManifest.xml:19:9-21:37
53            android:name="com.google.android.gms.ads.DELAY_APP_MEASUREMENT_INIT"
53-->[:react-native-firebase_admob] AndroidManifest.xml:20:13-81
54            android:value="false" />
54-->[:react-native-firebase_admob] AndroidManifest.xml:21:13-34
55
56        <receiver
56-->[:react-native-device-info] AndroidManifest.xml:13:9-22:20
57            android:name="com.learnium.RNDeviceInfo.RNDeviceReceiver"
57-->[:react-native-device-info] AndroidManifest.xml:14:13-70
58            android:enabled="true"
58-->[:react-native-device-info] AndroidManifest.xml:15:13-35
59            android:exported="true"
59-->[:react-native-device-info] AndroidManifest.xml:16:13-36
60            android:permission="android.permission.INSTALL_PACKAGES" >
60-->[:react-native-device-info] AndroidManifest.xml:17:13-69
61            <intent-filter>
61-->[:react-native-device-info] AndroidManifest.xml:19:13-21:29
62                <action android:name="com.android.vending.INSTALL_REFERRER" />
62-->[:react-native-device-info] AndroidManifest.xml:20:17-79
62-->[:react-native-device-info] AndroidManifest.xml:20:25-76
63            </intent-filter>
64        </receiver>
65
66        <provider
66-->[:rn-fetch-blob] AndroidManifest.xml:36:9-44:20
67            android:name="com.RNFetchBlob.Utils.FileProvider"
67-->[:rn-fetch-blob] AndroidManifest.xml:37:13-62
68            android:authorities="com.photobi.provider"
68-->[:rn-fetch-blob] AndroidManifest.xml:38:13-60
69            android:exported="false"
69-->[:rn-fetch-blob] AndroidManifest.xml:39:13-37
70            android:grantUriPermissions="true" >
70-->[:rn-fetch-blob] AndroidManifest.xml:40:13-47
71            <meta-data
71-->[:rn-fetch-blob] AndroidManifest.xml:41:13-43:58
72                android:name="android.support.FILE_PROVIDER_PATHS"
72-->[:rn-fetch-blob] AndroidManifest.xml:42:17-67
73                android:resource="@xml/provider_paths" />
73-->[:rn-fetch-blob] AndroidManifest.xml:43:17-55
74        </provider>
75
76        <activity
76-->[com.google.android.gms:play-services-auth:16.0.1] AndroidManifest.xml:23:9-27:75
77            android:name="com.google.android.gms.auth.api.signin.internal.SignInHubActivity"
77-->[com.google.android.gms:play-services-auth:16.0.1] AndroidManifest.xml:24:13-93
78            android:excludeFromRecents="true"
78-->[com.google.android.gms:play-services-auth:16.0.1] AndroidManifest.xml:25:13-46
79            android:exported="false"
79-->[com.google.android.gms:play-services-auth:16.0.1] AndroidManifest.xml:26:13-37
80            android:theme="@android:style/Theme.Translucent.NoTitleBar" />
80-->[com.google.android.gms:play-services-auth:16.0.1] AndroidManifest.xml:27:13-72
81        <!--
82            Service handling Google Sign-In user revocation. For apps that do not integrate with
83            Google Sign-In, this service will never be started.
84        -->
85        <service
85-->[com.google.android.gms:play-services-auth:16.0.1] AndroidManifest.xml:33:9-36:110
86            android:name="com.google.android.gms.auth.api.signin.RevocationBoundService"
86-->[com.google.android.gms:play-services-auth:16.0.1] AndroidManifest.xml:34:13-89
87            android:exported="true"
87-->[com.google.android.gms:play-services-auth:16.0.1] AndroidManifest.xml:35:13-36
88            android:permission="com.google.android.gms.auth.api.signin.permission.REVOCATION_NOTIFICATION" />
88-->[com.google.android.gms:play-services-auth:16.0.1] AndroidManifest.xml:36:13-107
89
90        <activity
90-->[com.google.android.gms:play-services-base:17.0.0] AndroidManifest.xml:23:9-26:75
91            android:name="com.google.android.gms.common.api.GoogleApiActivity"
91-->[com.google.android.gms:play-services-base:17.0.0] AndroidManifest.xml:24:13-79
92            android:exported="false"
92-->[com.google.android.gms:play-services-base:17.0.0] AndroidManifest.xml:25:13-37
93            android:theme="@android:style/Theme.Translucent.NoTitleBar" />
93-->[com.google.android.gms:play-services-base:17.0.0] AndroidManifest.xml:26:13-72
94
95        <service
95-->[com.google.android.gms:play-services-measurement-api:17.4.4] AndroidManifest.xml:27:9-33:19
96            android:name="com.google.firebase.components.ComponentDiscoveryService"
96-->[com.google.android.gms:play-services-measurement-api:17.4.4] AndroidManifest.xml:28:13-84
97            android:directBootAware="true"
97-->[com.google.firebase:firebase-common:19.3.0] AndroidManifest.xml:34:13-43
98            android:exported="false" >
98-->[com.google.android.gms:play-services-measurement-api:17.4.4] AndroidManifest.xml:29:13-37
99            <meta-data
99-->[com.google.android.gms:play-services-measurement-api:17.4.4] AndroidManifest.xml:30:13-32:85
100                android:name="com.google.firebase.components:com.google.firebase.analytics.connector.internal.AnalyticsConnectorRegistrar"
100-->[com.google.android.gms:play-services-measurement-api:17.4.4] AndroidManifest.xml:31:17-139
101                android:value="com.google.firebase.components.ComponentRegistrar" />
101-->[com.google.android.gms:play-services-measurement-api:17.4.4] AndroidManifest.xml:32:17-82
102            <meta-data
102-->[com.google.firebase:firebase-installations:16.3.2] AndroidManifest.xml:17:13-19:85
103                android:name="com.google.firebase.components:com.google.firebase.installations.FirebaseInstallationsRegistrar"
103-->[com.google.firebase:firebase-installations:16.3.2] AndroidManifest.xml:18:17-127
104                android:value="com.google.firebase.components.ComponentRegistrar" />
104-->[com.google.firebase:firebase-installations:16.3.2] AndroidManifest.xml:19:17-82
105        </service>
106
107        <provider
107-->[com.google.firebase:firebase-common:19.3.0] AndroidManifest.xml:26:9-30:39
108            android:name="com.google.firebase.provider.FirebaseInitProvider"
108-->[com.google.firebase:firebase-common:19.3.0] AndroidManifest.xml:27:13-77
109            android:authorities="com.photobi.firebaseinitprovider"
109-->[com.google.firebase:firebase-common:19.3.0] AndroidManifest.xml:28:13-72
110            android:exported="false"
110-->[com.google.firebase:firebase-common:19.3.0] AndroidManifest.xml:29:13-37
111            android:initOrder="100" />
111-->[com.google.firebase:firebase-common:19.3.0] AndroidManifest.xml:30:13-36
112
113        <receiver
113-->[com.google.android.gms:play-services-measurement:17.4.4] AndroidManifest.xml:29:9-33:20
114            android:name="com.google.android.gms.measurement.AppMeasurementReceiver"
114-->[com.google.android.gms:play-services-measurement:17.4.4] AndroidManifest.xml:30:13-85
115            android:enabled="true"
115-->[com.google.android.gms:play-services-measurement:17.4.4] AndroidManifest.xml:31:13-35
116            android:exported="false" >
116-->[com.google.android.gms:play-services-measurement:17.4.4] AndroidManifest.xml:32:13-37
117        </receiver>
118
119        <service
119-->[com.google.android.gms:play-services-measurement:17.4.4] AndroidManifest.xml:35:9-38:40
120            android:name="com.google.android.gms.measurement.AppMeasurementService"
120-->[com.google.android.gms:play-services-measurement:17.4.4] AndroidManifest.xml:36:13-84
121            android:enabled="true"
121-->[com.google.android.gms:play-services-measurement:17.4.4] AndroidManifest.xml:37:13-35
122            android:exported="false" />
122-->[com.google.android.gms:play-services-measurement:17.4.4] AndroidManifest.xml:38:13-37
123        <service
123-->[com.google.android.gms:play-services-measurement:17.4.4] AndroidManifest.xml:39:9-43:72
124            android:name="com.google.android.gms.measurement.AppMeasurementJobService"
124-->[com.google.android.gms:play-services-measurement:17.4.4] AndroidManifest.xml:40:13-87
125            android:enabled="true"
125-->[com.google.android.gms:play-services-measurement:17.4.4] AndroidManifest.xml:41:13-35
126            android:exported="false"
126-->[com.google.android.gms:play-services-measurement:17.4.4] AndroidManifest.xml:42:13-37
127            android:permission="android.permission.BIND_JOB_SERVICE" /> <!-- Include the AdActivity and InAppPurchaseActivity configChanges and themes. -->
127-->[com.google.android.gms:play-services-measurement:17.4.4] AndroidManifest.xml:43:13-69
128        <activity
128-->[com.google.android.gms:play-services-ads-lite:19.3.0] AndroidManifest.xml:29:9-33:64
129            android:name="com.google.android.gms.ads.AdActivity"
129-->[com.google.android.gms:play-services-ads-lite:19.3.0] AndroidManifest.xml:30:13-65
130            android:configChanges="keyboard|keyboardHidden|orientation|screenLayout|uiMode|screenSize|smallestScreenSize"
130-->[com.google.android.gms:play-services-ads-lite:19.3.0] AndroidManifest.xml:31:13-122
131            android:exported="false"
131-->[com.google.android.gms:play-services-ads-lite:19.3.0] AndroidManifest.xml:32:13-37
132            android:theme="@android:style/Theme.Translucent" />
132-->[com.google.android.gms:play-services-ads-lite:19.3.0] AndroidManifest.xml:33:13-61
133
134        <provider
134-->[com.google.android.gms:play-services-ads-lite:19.3.0] AndroidManifest.xml:35:9-39:39
135            android:name="com.google.android.gms.ads.MobileAdsInitProvider"
135-->[com.google.android.gms:play-services-ads-lite:19.3.0] AndroidManifest.xml:36:13-76
136            android:authorities="com.photobi.mobileadsinitprovider"
136-->[com.google.android.gms:play-services-ads-lite:19.3.0] AndroidManifest.xml:37:13-73
137            android:exported="false"
137-->[com.google.android.gms:play-services-ads-lite:19.3.0] AndroidManifest.xml:38:13-37
138            android:initOrder="100" />
138-->[com.google.android.gms:play-services-ads-lite:19.3.0] AndroidManifest.xml:39:13-36
139
140        <meta-data
140-->[com.google.android.gms:play-services-basement:17.0.0] AndroidManifest.xml:23:9-25:69
141            android:name="com.google.android.gms.version"
141-->[com.google.android.gms:play-services-basement:17.0.0] AndroidManifest.xml:24:13-58
142            android:value="@integer/google_play_services_version" />
142-->[com.google.android.gms:play-services-basement:17.0.0] AndroidManifest.xml:25:13-66
143    </application>
144
145</manifest>